<?xml version="1.0" encoding="UTF-8"?>
<!-- Generated by org.testng.reporters.JUnitXMLReporter -->
<testsuite ignored="0" hostname="LAPTOP-3803MK8F" failures="0" tests="3" name="Test" time="0.035" errors="0" timestamp="2020-11-15T13:02:41 EST">
  <testcase classname="learningmaven.Mavenjava.Testcase2" name="googlepage" time="0.005"/>
  <testcase classname="learningmaven.Mavenjava.Testcase2" name="googlepagedisplays" time="0.001"/>
  <testcase classname="learningmaven.Mavenjava.Testcase1" name="Yahoopage" time="0.001"/>
</testsuite> <!-- Test -->
