<?xml version="1.0" encoding="UTF-8"?>
<!-- Generated by org.testng.reporters.JUnitXMLReporter -->
<testsuite ignored="0" hostname="LAPTOP-3803MK8F" failures="0" tests="3" name="Command line test" time="0.028" errors="0" timestamp="2020-11-15T14:30:01 EST">
  <testcase classname="learningmaven.Mavenjava.Testcase1" name="Yahoopage" time="0.003"/>
  <testcase classname="learningmaven.Mavenjava.Testcase2" name="googlepage" time="0.0"/>
  <testcase classname="learningmaven.Mavenjava.Testcase2" name="googlepagedisplays" time="0.0"/>
</testsuite> <!-- Command line test -->
