<?xml version="1.0" encoding="UTF-8"?>
<testng-results ignored="0" total="3" passed="3" failed="0" skipped="0">
  <reporter-output>
  </reporter-output>
  <suite started-at="2020-11-15T14:30:01 EST" name="Command line suite" finished-at="2020-11-15T14:30:01 EST" duration-ms="28">
    <groups>
    </groups>
    <test started-at="2020-11-15T14:30:01 EST" name="Command line test" finished-at="2020-11-15T14:30:01 EST" duration-ms="28">
      <class name="learningmaven.Mavenjava.Testcase1">
        <test-method signature="Yahoopage()[pri:0, instance:learningmaven.Mavenjava.Testcase1@6e4784bc]" started-at="2020-11-15T14:30:01 EST" name="Yahoopage" finished-at="2020-11-15T14:30:01 EST" duration-ms="3" status="PASS">
          <reporter-output>
          </reporter-output>
        </test-method> <!-- Yahoopage -->
      </class> <!-- learningmaven.Mavenjava.Testcase1 -->
      <class name="learningmaven.Mavenjava.Testcase2">
        <test-method signature="googlepage()[pri:0, instance:learningmaven.Mavenjava.Testcase2@34b7ac2f]" started-at="2020-11-15T14:30:01 EST" name="googlepage" finished-at="2020-11-15T14:30:01 EST" duration-ms="0" status="PASS">
          <reporter-output>
          </reporter-output>
        </test-method> <!-- googlepage -->
        <test-method signature="googlepagedisplays()[pri:0, instance:learningmaven.Mavenjava.Testcase2@34b7ac2f]" started-at="2020-11-15T14:30:01 EST" name="googlepagedisplays" finished-at="2020-11-15T14:30:01 EST" duration-ms="0" status="PASS">
          <reporter-output>
          </reporter-output>
        </test-method> <!-- googlepagedisplays -->
      </class> <!-- learningmaven.Mavenjava.Testcase2 -->
    </test> <!-- Command line test -->
  </suite> <!-- Command line suite -->
</testng-results>
