<?xml version="1.0" encoding="UTF-8"?>
<testng-results ignored="0" total="3" passed="3" failed="0" skipped="0">
  <reporter-output>
  </reporter-output>
  <suite started-at="2020-11-15T13:02:41 EST" name="Suite" finished-at="2020-11-15T13:02:41 EST" duration-ms="35">
    <groups>
    </groups>
    <test started-at="2020-11-15T13:02:41 EST" name="Test" finished-at="2020-11-15T13:02:41 EST" duration-ms="35">
      <class name="learningmaven.Mavenjava.Testcase1">
        <test-method signature="Yahoopage()[pri:0, instance:learningmaven.Mavenjava.Testcase1@222114ba]" started-at="2020-11-15T13:02:41 EST" name="Yahoopage" finished-at="2020-11-15T13:02:41 EST" duration-ms="1" status="PASS">
          <reporter-output>
          </reporter-output>
        </test-method> <!-- Yahoopage -->
      </class> <!-- learningmaven.Mavenjava.Testcase1 -->
      <class name="learningmaven.Mavenjava.Testcase2">
        <test-method signature="googlepage()[pri:0, instance:learningmaven.Mavenjava.Testcase2@60dcc9fe]" started-at="2020-11-15T13:02:41 EST" name="googlepage" finished-at="2020-11-15T13:02:41 EST" duration-ms="5" status="PASS">
          <reporter-output>
          </reporter-output>
        </test-method> <!-- googlepage -->
        <test-method signature="googlepagedisplays()[pri:0, instance:learningmaven.Mavenjava.Testcase2@60dcc9fe]" started-at="2020-11-15T13:02:41 EST" name="googlepagedisplays" finished-at="2020-11-15T13:02:41 EST" duration-ms="1" status="PASS">
          <reporter-output>
          </reporter-output>
        </test-method> <!-- googlepagedisplays -->
      </class> <!-- learningmaven.Mavenjava.Testcase2 -->
    </test> <!-- Test -->
  </suite> <!-- Suite -->
</testng-results>
